<?xml version="1.0" encoding="UTF-8"?>
<!-- Generated by org.testng.reporters.JUnitXMLReporter -->
<testsuite hostname="LAPTOP-6F5IMLR2" ignored="0" name="Surefire test" tests="10" failures="0" timestamp="25 Apr 2023 18:48:51 GMT" time="17.289" errors="0">
  <testcase name="testPostUser" time="2.604" classname="api.test.DataDrivenTest"/>
  <testcase name="testPostUser" time="1.274" classname="api.test.DataDrivenTest"/>
  <testcase name="testPostUser" time="1.269" classname="api.test.DataDrivenTest"/>
  <testcase name="testPostUser" time="1.24" classname="api.test.UserTest"/>
  <testcase name="testDeleteUser" time="1.288" classname="api.test.DataDrivenTest"/>
  <testcase name="testDeleteUser" time="1.27" classname="api.test.DataDrivenTest"/>
  <testcase name="testDeleteUser" time="2.208" classname="api.test.DataDrivenTest"/>
  <testcase name="testGetUserByName" time="1.827" classname="api.test.UserTest"/>
  <testcase name="testUpdateByName" time="1.336" classname="api.test.UserTest"/>
  <testcase name="testDeleteData" time="1.646" classname="api.test.UserTest"/>
</testsuite> <!-- Surefire test -->
