<?xml version="1.0" encoding="UTF-8"?>
<!-- Generated by org.testng.reporters.JUnitXMLReporter -->
<testsuite hostname="LAPTOP-6F5IMLR2" ignored="0" name="Default test" tests="6" failures="0" timestamp="25 Apr 2023 10:15:23 GMT" time="14.036" errors="0">
  <testcase name="testPostUser" time="3.637" classname="api.test.DataDrivenTest"/>
  <testcase name="testPostUser" time="2.541" classname="api.test.DataDrivenTest"/>
  <testcase name="testPostUser" time="1.619" classname="api.test.DataDrivenTest"/>
  <testcase name="testDeleteUser" time="2.192" classname="api.test.DataDrivenTest"/>
  <testcase name="testDeleteUser" time="1.525" classname="api.test.DataDrivenTest"/>
  <testcase name="testDeleteUser" time="1.621" classname="api.test.DataDrivenTest"/>
</testsuite> <!-- Default test -->
