<?xml version="1.0" encoding="UTF-8"?>
<!-- Generated by org.testng.reporters.JUnitXMLReporter -->
<testsuite hostname="LAPTOP-6F5IMLR2" ignored="0" name="Test" tests="4" failures="0" timestamp="25 Apr 2023 13:54:57 GMT" time="9.078" errors="0">
  <testcase name="testPostUser" time="3.129" classname="api.test.UserTest"/>
  <testcase name="testGetUserByName" time="1.694" classname="api.test.UserTest"/>
  <testcase name="testUpdateByName" time="1.966" classname="api.test.UserTest"/>
  <testcase name="testDeleteData" time="1.515" classname="api.test.UserTest"/>
</testsuite> <!-- Test -->
