<?xml version="1.0" encoding="UTF-8"?>
<testsuite xmlns:xsi="http://www.w3.org/2001/XMLSchema-instance" xsi:noNamespaceSchemaLocation="https://maven.apache.org/surefire/maven-surefire-plugin/xsd/surefire-test-report-3.0.xsd" version="3.0" name="TestSuite" time="17.553" tests="10" errors="0" skipped="0" failures="0">
  <properties>
[...]
</properties>
  <testcase name="testPostUser[1010, testuser1, John, David, a@gmail.com, test@1, 123456789](1)" classname="api.test.DataDrivenTest" time="2.604">
    <system-out><![CDATA[{
    "code": 200,
    "type": "unknown",
    "message": "1010"
}
]]></system-out>
  </testcase>
  <testcase name="testPostUser[1020, testuser2, Kim, Kom, b@gmail.com, test@2, 123456789](2)" classname="api.test.DataDrivenTest" time="1.289">
    <system-out><![CDATA[{
    "code": 200,
    "type": "unknown",
    "message": "1020"
}
]]></system-out>
  </testcase>
  <testcase name="testPostUser[1030, testuser3, Smith, Steve, c@gmail.com, test@3, 123456789](3)" classname="api.test.DataDrivenTest" time="1.261">
    <system-out><![CDATA[{
    "code": 200,
    "type": "unknown",
    "message": "1030"
}
]]></system-out>
  </testcase>
  <testcase name="testDeleteUser[testuser1](1)" classname="api.test.DataDrivenTest" time="1.288"/>
  <testcase name="testDeleteUser[testuser2](2)" classname="api.test.DataDrivenTest" time="1.27"/>
  <testcase name="testDeleteUser[testuser3](3)" classname="api.test.DataDrivenTest" time="2.208"/>
  <testcase name="testPostUser" classname="api.test.UserTest" time="1.24"/>
  <testcase name="testGetUserByName" classname="api.test.UserTest" time="1.827"/>
  <testcase name="testUpdateByName" classname="api.test.UserTest" time="1.336"/>
  <testcase name="testDeleteData" classname="api.test.UserTest" time="1.646"/>
</testsuite>