<?xml version="1.0" encoding="UTF-8"?>
<testng-results skipped="0" failed="0" ignored="0" total="10" passed="10">
  <reporter-output>
  </reporter-output>
  <suite name="Surefire suite" duration-ms="17289" started-at="2023-04-25T18:48:34Z" finished-at="2023-04-25T18:48:51Z">
    <groups>
    </groups>
    <test name="Surefire test" duration-ms="17289" started-at="2023-04-25T18:48:34Z" finished-at="2023-04-25T18:48:51Z">
      <class name="api.test.UserTest">
        <test-method status="PASS" signature="setupData()[pri:0, instance:api.test.UserTest@7ac7a4e4]" name="setupData" is-config="true" duration-ms="403" started-at="2023-04-25T18:48:40Z" finished-at="2023-04-25T18:48:40Z">
          <reporter-output>
          </reporter-output>
        </test-method> <!-- setupData -->
        <test-method status="PASS" signature="testPostUser()[pri:1, instance:api.test.UserTest@7ac7a4e4]" name="testPostUser" duration-ms="1240" started-at="2023-04-25T18:48:40Z" finished-at="2023-04-25T18:48:41Z">
          <reporter-output>
          </reporter-output>
        </test-method> <!-- testPostUser -->
        <test-method status="PASS" signature="testGetUserByName()[pri:2, instance:api.test.UserTest@7ac7a4e4]" name="testGetUserByName" duration-ms="1827" started-at="2023-04-25T18:48:46Z" finished-at="2023-04-25T18:48:48Z">
          <reporter-output>
          </reporter-output>
        </test-method> <!-- testGetUserByName -->
        <test-method status="PASS" signature="testUpdateByName()[pri:3, instance:api.test.UserTest@7ac7a4e4]" name="testUpdateByName" duration-ms="1336" started-at="2023-04-25T18:48:48Z" finished-at="2023-04-25T18:48:49Z">
          <reporter-output>
          </reporter-output>
        </test-method> <!-- testUpdateByName -->
        <test-method status="PASS" signature="testDeleteData()[pri:4, instance:api.test.UserTest@7ac7a4e4]" name="testDeleteData" duration-ms="1646" started-at="2023-04-25T18:48:49Z" finished-at="2023-04-25T18:48:51Z">
          <reporter-output>
          </reporter-output>
        </test-method> <!-- testDeleteData -->
      </class> <!-- api.test.UserTest -->
      <class name="api.test.DataDrivenTest">
        <test-method status="PASS" signature="testPostUser(java.lang.String, java.lang.String, java.lang.String, java.lang.String, java.lang.String, java.lang.String, java.lang.String)[pri:1, instance:api.test.DataDrivenTest@548b7f67]" name="testPostUser" duration-ms="2604" started-at="2023-04-25T18:48:35Z" data-provider="getAllData" finished-at="2023-04-25T18:48:37Z">
          <params>
            <param index="0">
              <value>
                <![CDATA[1010]]>
              </value>
            </param>
            <param index="1">
              <value>
                <![CDATA[testuser1]]>
              </value>
            </param>
            <param index="2">
              <value>
                <![CDATA[John]]>
              </value>
            </param>
            <param index="3">
              <value>
                <![CDATA[David]]>
              </value>
            </param>
            <param index="4">
              <value>
                <![CDATA[a@gmail.com]]>
              </value>
            </param>
            <param index="5">
              <value>
                <![CDATA[test@1]]>
              </value>
            </param>
            <param index="6">
              <value>
                <![CDATA[123456789]]>
              </value>
            </param>
          </params>
          <reporter-output>
          </reporter-output>
        </test-method> <!-- testPostUser -->
        <test-method status="PASS" signature="testPostUser(java.lang.String, java.lang.String, java.lang.String, java.lang.String, java.lang.String, java.lang.String, java.lang.String)[pri:1, instance:api.test.DataDrivenTest@548b7f67]" name="testPostUser" duration-ms="1274" started-at="2023-04-25T18:48:37Z" data-provider="getAllData" finished-at="2023-04-25T18:48:38Z">
          <params>
            <param index="0">
              <value>
                <![CDATA[1020]]>
              </value>
            </param>
            <param index="1">
              <value>
                <![CDATA[testuser2]]>
              </value>
            </param>
            <param index="2">
              <value>
                <![CDATA[Kim]]>
              </value>
            </param>
            <param index="3">
              <value>
                <![CDATA[Kom]]>
              </value>
            </param>
            <param index="4">
              <value>
                <![CDATA[b@gmail.com]]>
              </value>
            </param>
            <param index="5">
              <value>
                <![CDATA[test@2]]>
              </value>
            </param>
            <param index="6">
              <value>
                <![CDATA[123456789]]>
              </value>
            </param>
          </params>
          <reporter-output>
          </reporter-output>
        </test-method> <!-- testPostUser -->
        <test-method status="PASS" signature="testPostUser(java.lang.String, java.lang.String, java.lang.String, java.lang.String, java.lang.String, java.lang.String, java.lang.String)[pri:1, instance:api.test.DataDrivenTest@548b7f67]" name="testPostUser" duration-ms="1269" started-at="2023-04-25T18:48:38Z" data-provider="getAllData" finished-at="2023-04-25T18:48:40Z">
          <params>
            <param index="0">
              <value>
                <![CDATA[1030]]>
              </value>
            </param>
            <param index="1">
              <value>
                <![CDATA[testuser3]]>
              </value>
            </param>
            <param index="2">
              <value>
                <![CDATA[Smith]]>
              </value>
            </param>
            <param index="3">
              <value>
                <![CDATA[Steve]]>
              </value>
            </param>
            <param index="4">
              <value>
                <![CDATA[c@gmail.com]]>
              </value>
            </param>
            <param index="5">
              <value>
                <![CDATA[test@3]]>
              </value>
            </param>
            <param index="6">
              <value>
                <![CDATA[123456789]]>
              </value>
            </param>
          </params>
          <reporter-output>
          </reporter-output>
        </test-method> <!-- testPostUser -->
        <test-method status="PASS" signature="testDeleteUser(java.lang.String)[pri:2, instance:api.test.DataDrivenTest@548b7f67]" name="testDeleteUser" duration-ms="1288" started-at="2023-04-25T18:48:41Z" data-provider="getUserName" finished-at="2023-04-25T18:48:43Z">
          <params>
            <param index="0">
              <value>
                <![CDATA[testuser1]]>
              </value>
            </param>
          </params>
          <reporter-output>
          </reporter-output>
        </test-method> <!-- testDeleteUser -->
        <test-method status="PASS" signature="testDeleteUser(java.lang.String)[pri:2, instance:api.test.DataDrivenTest@548b7f67]" name="testDeleteUser" duration-ms="1270" started-at="2023-04-25T18:48:43Z" data-provider="getUserName" finished-at="2023-04-25T18:48:44Z">
          <params>
            <param index="0">
              <value>
                <![CDATA[testuser2]]>
              </value>
            </param>
          </params>
          <reporter-output>
          </reporter-output>
        </test-method> <!-- testDeleteUser -->
        <test-method status="PASS" signature="testDeleteUser(java.lang.String)[pri:2, instance:api.test.DataDrivenTest@548b7f67]" name="testDeleteUser" duration-ms="2208" started-at="2023-04-25T18:48:44Z" data-provider="getUserName" finished-at="2023-04-25T18:48:46Z">
          <params>
            <param index="0">
              <value>
                <![CDATA[testuser3]]>
              </value>
            </param>
          </params>
          <reporter-output>
          </reporter-output>
        </test-method> <!-- testDeleteUser -->
      </class> <!-- api.test.DataDrivenTest -->
    </test> <!-- Surefire test -->
  </suite> <!-- Surefire suite -->
</testng-results>
