<?xml version="1.0" encoding="UTF-8"?>
<testng-results skipped="0" failed="0" ignored="0" total="4" passed="4">
  <reporter-output>
  </reporter-output>
  <suite name="Suite" duration-ms="9078" started-at="2023-04-25T13:54:48Z" finished-at="2023-04-25T13:54:57Z">
    <groups>
    </groups>
    <test name="Test" duration-ms="9078" started-at="2023-04-25T13:54:48Z" finished-at="2023-04-25T13:54:57Z">
      <class name="api.test.UserTest">
        <test-method status="PASS" signature="setupData()[pri:0, instance:api.test.UserTest@39c0f4a]" name="setupData" is-config="true" duration-ms="539" started-at="2023-04-25T13:54:48Z" finished-at="2023-04-25T13:54:49Z">
          <reporter-output>
          </reporter-output>
        </test-method> <!-- setupData -->
        <test-method status="PASS" signature="testPostUser()[pri:1, instance:api.test.UserTest@39c0f4a]" name="testPostUser" duration-ms="3129" started-at="2023-04-25T13:54:49Z" finished-at="2023-04-25T13:54:52Z">
          <reporter-output>
          </reporter-output>
        </test-method> <!-- testPostUser -->
        <test-method status="PASS" signature="testGetUserByName()[pri:2, instance:api.test.UserTest@39c0f4a]" name="testGetUserByName" duration-ms="1694" started-at="2023-04-25T13:54:52Z" finished-at="2023-04-25T13:54:53Z">
          <reporter-output>
          </reporter-output>
        </test-method> <!-- testGetUserByName -->
        <test-method status="PASS" signature="testUpdateByName()[pri:3, instance:api.test.UserTest@39c0f4a]" name="testUpdateByName" duration-ms="1966" started-at="2023-04-25T13:54:53Z" finished-at="2023-04-25T13:54:55Z">
          <reporter-output>
          </reporter-output>
        </test-method> <!-- testUpdateByName -->
        <test-method status="PASS" signature="testDeleteData()[pri:4, instance:api.test.UserTest@39c0f4a]" name="testDeleteData" duration-ms="1515" started-at="2023-04-25T13:54:55Z" finished-at="2023-04-25T13:54:57Z">
          <reporter-output>
          </reporter-output>
        </test-method> <!-- testDeleteData -->
      </class> <!-- api.test.UserTest -->
    </test> <!-- Test -->
  </suite> <!-- Suite -->
</testng-results>
